predict label: 1.0; real label: 1.0 1:1.0 2:1.5404363240206425 3:-0.9939520333680918 4:0.7415628859857999 5:-0.999791641589228 6:-0.9998304561179473 
predict label: 1.0; real label: 1.0 1:1.0 2:1.5404363240206425 3:-0.9939520333680918 4:0.6987762848993528 5:-0.9997786148068983 6:-0.9994076506930585 
predict label: 1.0; real label: 1.0 1:1.0 2:1.5404363240206425 3:-0.9939520333680918 4:0.507511793607645 5:-0.9998855604876361 6:-0.9998213971173401 
predict label: 1.0; real label: 1.0 1:1.0 2:1.5404363240206425 3:-0.9939520333680918 4:0.508138457405126 5:-0.9999427102423721 6:-0.9999444745738648 
predict label: 1.0; real label: 1.0 1:1.0 2:1.5404363240206425 3:-0.9939520333680918 4:0.508138457405126 5:-0.999654019937198 6:-0.9993905479246709 
predict label: 1.0; real label: 1.0 1:1.0 2:1.5404363240206425 3:-0.9939520333680918 4:0.696264475136706 5:-0.9998816384456444 6:-0.999821865686337 
predict label: 1.0; real label: 1.0 1:1.0 2:1.5404363240206425 3:-0.9939520333680918 4:0.7174967634446461 5:-0.9998854204147078 6:-0.9998467779380067 
predict label: 1.0; real label: 1.0 1:1.0 2:1.5404363240206425 3:-0.9939520333680918 4:0.9993795427288585 5:-0.9996692178499159 6:-0.9993176854456496 
predict label: 1.0; real label: 1.0 1:1.0 2:1.5404363240206425 3:-0.9939520333680918 4:0.7541653332528411 5:-0.999571376909516 6:-0.9998280351781298 
predict label: 1.0; real label: 1.0 1:1.0 2:1.5404363240206425 3:-0.9939520333680918 4:-0.03189996530807249 5:-0.9999490835606086 6:-0.9999546269021314 
predict label: 1.0; real label: 1.0 1:1.0 2:1.5405080615252245 3:-0.9939520333680918 4:0.2887374292750384 5:-0.999946212065579 6:-0.9998645054650569 
predict label: 1.0; real label: 1.0 1:1.0 2:1.5405080615252245 3:-0.9939520333680918 4:-0.2217885227373495 5:-0.9998296713892545 6:-0.9994796541289187 
predict label: 1.0; real label: 1.0 1:1.0 2:1.5405080615252245 3:-0.9939520333680918 4:-0.2218978164244545 5:-0.9999116840887593 6:-0.9997824277957628 
predict label: 1.0; real label: 1.0 1:1.0 2:1.5405080615252245 3:-0.9939520333680918 4:0.8898904928092477 5:-0.9994460116387103 6:-0.9995738364972999 
predict label: 1.0; real label: 1.0 1:1.0 2:1.5405080615252245 3:-0.9939520333680918 4:0.44082652167425374 5:-0.9999125945627931 6:-0.999811010504575 
predict label: 1.0; real label: 1.0 1:1.0 2:1.5405080615252245 3:-0.9939520333680918 4:0.44082652167425374 5:-0.9999392084191653 6:-0.9998733301811655 
predict label: 1.0; real label: 1.0 1:1.0 2:1.5405080615252245 3:-0.9939520333680918 4:0.4408522838036466 5:-0.9999155360942868 6:-0.9998286599367924 
predict label: 1.0; real label: 1.0 1:1.0 2:1.5405236163790832 3:-0.9939520333680918 4:0.506910677255145 5:-0.9995179390873793 6:-0.9979575077424193 
predict label: 1.0; real label: 1.0 1:1.0 2:1.5405236163790832 3:-0.9939520333680918 4:0.24816658793294777 5:-0.9961339872496563 6:-0.9995689946176651 
predict label: 1.0; real label: 1.0 1:1.0 2:1.5405236163790832 3:-0.9939520333680918 4:0.8899119612504083 5:-0.9999229599594854 6:-0.9998282694626283 
predict label: 1.0; real label: 1.0 1:1.0 2:1.5405236163790832 3:-0.9939520333680918 4:0.6990102887611604 5:-0.9999579781915541 6:-0.999850136015818 
predict label: 1.0; real label: 1.0 1:1.0 2:1.5405236163790832 3:-0.9939520333680918 4:0.8711463968318334 5:-0.9994411090862206 6:-0.9996795769009386 
predict label: 1.0; real label: 1.0 1:1.0 2:1.5405236163790832 3:-0.9939520333680918 4:-0.3121296553013133 5:-0.9999117541252235 6:-0.9996556798820956 
predict label: 1.0; real label: 1.0 1:1.0 2:1.5405236163790832 3:-0.9939520333680918 4:0.6990102887611604 5:-0.9999306639705405 6:-0.9997356489909035 
predict label: 1.0; real label: 1.0 1:1.0 2:1.5405236163790832 3:-0.9939520333680918 4:0.9535871430486567 5:-0.9999264617826923 6:-0.9999180785203715 
predict label: 1.0; real label: 1.0 1:1.0 2:1.5405331344682303 3:-0.9939520333680918 4:0.8711463968318334 5:-0.9993621779911379 6:-0.9996587255805756 
predict label: 1.0; real label: 1.0 1:1.0 2:1.5405331344682303 3:-0.9939520333680918 4:-0.202638692543595 5:-0.9999576980456976 6:-0.9999316670212823 
predict label: 1.0; real label: 1.0 1:1.0 2:1.5405331344682303 3:-0.9939520333680918 4:0.6983683823704554 5:-0.9999187577716372 6:-0.9998732520863327 
predict label: 1.0; real label: 1.0 1:1.0 2:1.5405331344682303 3:-0.9939520333680918 4:0.7173464843565212 5:-0.9999081122290883 6:-0.9997849268304131 
predict label: 1.0; real label: 1.0 1:1.0 2:1.5405331344682303 3:-0.9939520333680918 4:-0.22301610752451584 5:-0.9999126645992572 6:-0.9998150714358817 
predict label: 1.0; real label: 1.0 1:1.0 2:1.5405331344682303 3:-0.9939520333680918 4:-0.16268356201498968 5:-0.9998796073881844 6:-0.9997074567562554 
predict label: 1.0; real label: 1.0 1:1.0 2:1.5405331344682303 3:-0.9939520333680918 4:0.7662305542482766 5:-0.9997012245140267 6:-0.9994170220729969 
predict label: 1.0; real label: 1.0 1:1.0 2:1.5405331344682303 3:-0.9939520333680918 4:0.26904442819832086 5:-0.9867631083480826 6:-0.9992852760900292 
predict label: 1.0; real label: 1.0 1:1.0 2:1.5405331344682303 3:-0.9939520333680918 4:0.22462858496534355 5:-0.9993642090485979 6:-0.999574695540461 
predict label: 1.0; real label: 1.0 1:1.0 2:1.5405331344682303 3:-0.9939520333680918 4:0.766811704950497 5:-0.9997828870312108 6:-0.9998755168364846 
predict label: 1.0; real label: 1.0 1:1.0 2:1.5405779102261237 3:-0.9939520333680918 4:0.8710175861848692 5:-0.9989844713400453 6:-0.9996830130735826 
predict label: 1.0; real label: 1.0 1:1.0 2:1.5405779102261237 3:-0.9939520333680918 4:-0.22196222174793667 5:-0.9999789891307953 6:-0.9999637639975714 
predict label: 1.0; real label: 1.0 1:1.0 2:1.5405779102261237 3:-0.9939520333680918 4:-0.22196222174793667 5:-0.9995278842652868 6:-0.9992367791988478 
predict label: 1.0; real label: 1.0 1:1.0 2:1.5405779102261237 3:-0.9939520333680918 4:-0.22196222174793667 5:-0.9999241505793758 6:-0.9998647397495554 
predict label: 1.0; real label: 1.0 1:1.0 2:1.5405779102261237 3:-0.9939520333680918 4:0.9978746050034928 5:-0.9807469760786867 6:-0.9991413473131414 
predict label: 1.0; real label: 1.0 1:1.0 2:1.5405779102261237 3:-0.9939520333680918 4:-0.030034357771207 5:-0.9998817785185726 6:-0.9997891439513853 
predict label: 1.0; real label: 1.0 1:1.0 2:1.5405779102261237 3:-0.9939520333680918 4:0.9978960734446536 5:-0.995964499006444 6:-0.9997301042577732 
predict label: 1.0; real label: 1.0 1:1.0 2:1.5406710912078116 3:-0.9939520333680918 4:0.9756118315198385 5:-0.9939320408171789 6:-0.9980830061387614 
predict label: 1.0; real label: 1.0 1:1.0 2:1.5406710912078116 3:-0.9939520333680918 4:0.7627953889781516 5:-0.9992716208430084 6:-0.9995307281495831 
predict label: 1.0; real label: 1.0 1:1.0 2:1.5406710912078116 3:-0.9939520333680918 4:0.3318825554757132 5:-0.9991889778153262 6:-0.9996579446322473 
predict label: 1.0; real label: 1.0 1:1.0 2:1.5406710912078116 3:-0.9939520333680918 4:0.24837484705479973 5:-0.9993675707988764 6:-0.9997911744170387 
predict label: 1.0; real label: 1.0 1:1.0 2:1.5406710912078116 3:-0.9939520333680918 4:0.9978746050034928 5:-0.993262492220026 6:-0.9998423265325359 
predict label: 1.0; real label: 1.0 1:1.0 2:1.5406710912078116 3:-0.9939520333680918 4:0.9969748819560447 5:-0.9987638564780127 6:-0.9996692683830063 
predict label: 1.0; real label: 1.0 1:1.0 2:1.5406710912078116 3:-0.9939520333680918 4:-0.22260627498275787 5:-0.9999191079539579 6:-0.9998016391246366 
predict label: 1.0; real label: 1.0 1:1.0 2:1.5406759058054345 3:-0.9939520333680918 4:0.3524924736744046 5:-0.999876385710834 6:-0.9995314310030785 
predict label: 1.0; real label: 1.0 1:1.0 2:1.5406759058054345 3:-0.9939520333680918 4:0.8683789000818065 5:-0.9982490884666034 6:-0.9991814099623783 
predict label: 1.0; real label: 1.0 1:1.0 2:1.5406759058054345 3:-0.9939520333680918 4:-0.333619564903182 5:-0.9998875915450961 6:-0.9994736408267916 
predict label: 1.0; real label: 1.0 1:1.0 2:1.5406759058054345 3:-0.9939520333680918 4:0.9538857690652021 5:-0.9999933466059434 6:-0.9997218262054943 
predict label: 1.0; real label: 1.0 1:1.0 2:1.5406759058054345 3:-0.9939520333680918 4:0.9538857690652021 5:-0.999997198611471 6:-0.9998526350504682 
predict label: 1.0; real label: 1.0 1:1.0 2:1.5406759058054345 3:-0.9939520333680918 4:0.9535678214516121 5:-0.9999264617826923 6:-0.9995999201714619 
predict label: 1.0; real label: 1.0 1:1.0 2:1.5407260887268124 3:-0.9939520333680918 4:-0.22196222174793667 5:-0.9998669307881756 6:-0.9997997648486489 
predict label: 1.0; real label: 1.0 1:1.0 2:1.5407260887268124 3:-0.9939520333680918 4:0.4422520240204806 5:-0.9998879417274168 6:-0.9998126504960643 
predict label: 1.0; real label: 1.0 1:1.0 2:1.5407260887268124 3:-0.9939520333680918 4:0.911550022417883 5:-0.9999089526666579 6:-0.9996345942772341 
predict label: 1.0; real label: 1.0 1:1.0 2:1.5407260887268124 3:-0.9939520333680918 4:0.24841325624288046 5:-0.9995097448210752 6:-0.999754079371449 
predict label: 1.0; real label: 1.0 1:1.0 2:1.5407260887268124 3:-0.9939520333680918 4:0.3318825554757132 5:-0.9992996354286633 6:-0.9997970315295002 
predict label: 1.0; real label: 1.0 1:1.0 2:1.5407260887268124 3:-0.9939520333680918 4:-0.1627030982964459 5:-0.999897746832396 6:-0.9998042162541196 
predict label: 1.0; real label: 1.0 1:1.0 2:1.5407260887268124 3:-0.9939520333680918 4:-0.1627030982964459 5:-0.9998599271417619 6:-0.9996486513471418 
predict label: 1.0; real label: 1.0 1:1.0 2:1.5407260887268124 3:-0.9939520333680918 4:0.7179046638266997 5:-0.9999720555208457 6:-0.9999518154881499 
predict label: 1.0; real label: 1.0 1:1.0 2:1.5407421620757997 3:-0.9939520333680918 4:0.289201366367525 5:-0.9975270125213476 6:-0.9990901171028114 
predict label: 1.0; real label: 1.0 1:1.0 2:1.5407421620757997 3:-0.9939520333680918 4:0.507511793607645 5:-0.9997335813604581 6:-0.9989425178687811 
predict label: 1.0; real label: 1.0 1:1.0 2:1.5407421620757997 3:-0.9939520333680918 4:0.9969748819560447 5:-0.998060690378074 6:-0.9985944491989013 
predict label: 1.0; real label: 1.0 1:1.0 2:1.5407422361465324 3:-0.9939520333680918 4:0.7658200776532837 5:-0.9997758833847971 6:-0.999900116708823 
predict label: 1.0; real label: 1.0 1:1.0 2:1.5407422361465324 3:-0.9939520333680918 4:0.6967367808422416 5:-0.9998802377163617 6:-0.9998865282079122 
predict label: 1.0; real label: 1.0 1:1.0 2:1.5407422361465324 3:-0.9939520333680918 4:0.6967775708804469 5:-0.9999333253561777 6:-0.9999405698322238 
predict label: 1.0; real label: 1.0 1:1.0 2:1.5407422361465324 3:-0.9939520333680918 4:0.6967603961275184 5:-0.9998372353273813 6:-0.999834907523418 
predict label: 1.0; real label: 1.0 1:1.0 2:1.5407422361465324 3:-0.9939520333680918 4:0.4408522838036466 5:-0.9999142754379324 6:-0.9999169070978793 
predict label: 1.0; real label: 1.0 1:1.0 2:1.5407422361465324 3:-0.9939520333680918 4:-0.16253328292686475 5:-0.9992996354286633 6:-0.9999365089009171 
predict label: 1.0; real label: 1.0 1:1.0 2:1.5407422361465324 3:-0.9939520333680918 4:-0.22346288725351127 5:-0.9999327650644646 6:-0.9999475983671776 
predict label: 1.0; real label: 1.0 1:1.0 2:1.5407422361465324 3:-0.9939520333680918 4:0.3524924736744046 5:-0.9998543242246308 6:-0.9997483003538203 
predict label: 1.0; real label: 1.0 1:1.0 2:1.5407422361465324 3:-0.9939520333680918 4:-0.22367776488108881 5:-0.999960499504263 6:-0.999964388756234 
predict label: 1.0; real label: 1.0 1:1.0 2:1.5407422361465324 3:-0.9939520333680918 4:-0.2238471508818468 5:-0.999980389860078 6:-0.999983053421278 
predict label: 1.0; real label: 1.0 1:1.0 2:1.5407422361465324 3:-0.9939520333680918 4:0.7535637445946357 5:-0.9994397083569379 6:-0.9999438498152022 
predict label: 1.0; real label: 1.0 1:1.0 2:1.5407422361465324 3:-0.9939520333680918 4:-0.22256548494455253 5:-0.9998964161395774 6:-0.9999146423477274 
predict label: 1.0; real label: 1.0 1:1.0 2:1.540756309585738 3:-0.9939520333680918 4:0.28937312913940394 5:-0.9997555728101972 6:-0.9990734048085879 
predict label: 1.0; real label: 1.0 1:1.0 2:1.540756309585738 3:-0.9939520333680918 4:-0.03179476994638508 5:-0.9998989374522863 6:-0.9994591932827198 
predict label: 1.0; real label: 1.0 1:1.0 2:1.540756309585738 3:-0.9939520333680918 4:0.4632674832195418 5:-0.9999574178998409 6:-0.9998006238918099 
predict label: 1.0; real label: 1.0 1:1.0 2:1.540756309585738 3:-0.9939520333680918 4:0.999396736803384 5:-0.9999467723572921 6:-0.9997804754249423 
predict label: 1.0; real label: 1.0 1:1.0 2:1.540756309585738 3:-0.9939520333680918 4:0.9993795427288585 5:-0.9999448113362962 6:-0.9998708311465153 
predict label: 1.0; real label: 1.0 1:1.0 2:1.540756309585738 3:-0.9939520333680918 4:0.4632674832195418 5:-0.9999947473352262 6:-0.9999860210249252 
predict label: 1.0; real label: 1.0 1:1.0 2:1.540756309585738 3:-0.9939520333680918 4:0.46311505728730085 5:-0.9999841017926773 6:-0.9999611087732555 
predict label: 1.0; real label: 1.0 1:1.0 2:1.540756309585738 3:-0.9939520333680918 4:0.5682524541836362 5:-0.9999467723572921 6:-0.9998398274978857 
predict label: 1.0; real label: 1.0 1:1.0 2:1.540756309585738 3:-0.9939520333680918 4:-0.030227573741653302 5:-0.9999681334788539 6:-0.9998863720182466 
predict label: 1.0; real label: 1.0 1:1.0 2:1.540756309585738 3:-0.9939520333680918 4:0.9539931112710056 5:-0.9999754873075885 6:-0.9997511117678018 
predict label: 1.0; real label: 1.0 1:1.0 2:1.540756309585738 3:-0.9939520333680918 4:-0.333619564903182 5:-0.9999467723572921 6:-0.9998695035343573 
predict label: 1.0; real label: 1.0 1:1.0 2:1.540756309585738 3:-0.9939520333680918 4:0.8892464395744264 5:-0.9995353081304853 6:-0.9998756730261502 
predict label: 1.0; real label: 1.0 1:1.0 2:1.540756309585738 3:-0.9939520333680918 4:0.2692786488913841 5:-0.998676310897841 6:-0.9997156567137014 
predict label: 1.0; real label: 1.0 1:1.0 2:1.540756309585738 3:-0.9939520333680918 4:-0.202638692543595 5:-0.9998935446445477 6:-0.9995252615112857 
predict label: 1.0; real label: 1.0 1:1.0 2:1.5407987521155526 3:-0.9939520333680918 4:0.4193001157224119 5:-0.999921209047882 6:-0.9997803973301095 
predict label: 1.0; real label: 1.0 1:1.0 2:1.5407987521155526 3:-0.9939520333680918 4:0.4193001157224119 5:-0.9999131548545062 6:-0.9997386165945507 
predict label: 1.0; real label: 1.0 1:1.0 2:1.5407987521155526 3:-0.9939520333680918 4:0.8899119612504083 5:-0.9996428141029361 6:-0.9996017944474496 
predict label: 1.0; real label: 1.0 1:1.0 2:1.5407987521155526 3:-0.9939520333680918 4:0.419514800134019 5:-0.9999698843904574 6:-0.9999396326942299 
predict label: 1.0; real label: 1.0 1:1.0 2:1.5407987521155526 3:-0.9939520333680918 4:0.9120008403606608 5:-0.99959378857804 6:-0.9997736030796541 
predict label: 1.0; real label: 1.0 1:1.0 2:1.5407987521155526 3:-0.9939520333680918 4:0.507988178317001 5:-0.9999338156114267 6:-0.9998302999282817 
predict label: 1.0; real label: 1.0 1:1.0 2:1.5407987521155526 3:-0.9939520333680918 4:-0.2218978164244545 5:-0.9999059410987 6:-0.9997378356462224 
predict label: 1.0; real label: 1.0 1:1.0 2:1.5407987521155526 3:-0.9939520333680918 4:0.44029818333728876 5:-0.9998922839881933 6:-0.9997839115975864 
predict label: 1.0; real label: -1.0 1:-1.0 2:1.5398882746696834 3:-0.8865484880083421 4:0.7670888625258816 5:-0.999993986038861 6:-0.9996848873495703 
predict label: 1.0; real label: -1.0 1:1.0 2:1.5398904967916631 3:-0.8865484880083421 4:0.7479602860888763 5:-0.9999959379551165 6:-0.9999806324814606 
predict label: 1.0; real label: -1.0 1:1.0 2:1.5398927559490092 3:-0.8865484880083421 4:0.7479602860888763 5:-0.9999888222503601 6:-0.9999621240060822 
predict label: 1.0; real label: -1.0 1:1.0 2:1.5398927559490092 3:-0.8865484880083421 4:0.7479602860888763 5:-0.9999715092364254 6:-0.9998970710103429 
predict label: 1.0; real label: -1.0 1:-1.0 2:1.5399009407649684 3:-0.8865484880083421 4:0.7416485558002517 5:-0.9997593547792606 6:-0.9998927757945378 
predict label: 1.0; real label: -1.0 1:1.0 2:1.5399068664235815 3:-1.0 4:0.9535830640448362 5:-0.9997919917715486 6:-0.9991650881423187 
predict label: 1.0; real label: -1.0 1:1.0 2:1.5399068664235815 3:-1.0 4:0.9535830640448362 5:-0.9998644094754666 6:-0.9982780089363136 
predict label: 1.0; real label: -1.0 1:1.0 2:1.5399068664235815 3:-1.0 4:0.9535830640448362 5:-0.9997940928654727 6:-0.9991735223842634 
predict label: 1.0; real label: -1.0 1:1.0 2:1.5399068664235815 3:-1.0 4:0.9535830640448362 5:-0.9999978989761124 6:-0.9999916438528882 
predict label: 1.0; real label: -1.0 1:1.0 2:1.5399068664235815 3:-1.0 4:0.9535830640448362 5:-0.9999204386467765 6:-0.9993338510760433 
predict label: 1.0; real label: -1.0 1:1.0 2:1.5399068664235815 3:-1.0 4:0.9535830640448362 5:-0.9999357065959584 6:-0.9997419746723619 
predict label: 1.0; real label: -1.0 1:1.0 2:1.5399068664235815 3:-1.0 4:0.9535830640448362 5:-0.9999868332147787 6:-0.9998712997155123 
predict label: 1.0; real label: -1.0 1:1.0 2:1.5399068664235815 3:-1.0 4:0.9535830640448362 5:-0.9999456517738659 6:-0.9993097978675347 
predict label: 1.0; real label: -1.0 1:1.0 2:1.5399068664235815 3:-1.0 4:0.9535830640448362 5:-0.9999341657937474 6:-0.9991639167198265 
predict label: 1.0; real label: -1.0 1:1.0 2:1.539911088455343 3:-1.0 4:0.9535830640448362 5:-0.9998033376787389 6:-0.998936504566654 
predict label: 1.0; real label: -1.0 1:1.0 2:1.5399140883200158 3:-1.0 4:0.9535830640448362 5:-0.9998243486179801 6:-0.9990501325484074 
predict label: 1.0; real label: -1.0 1:1.0 2:1.539917606679817 3:-1.0 4:0.9535830640448362 5:-0.9998655300588928 6:-0.9981497772208228 
predict label: 1.0; real label: -1.0 1:1.0 2:1.5399205324737575 3:-1.0 4:0.9535830640448362 5:-0.9998997078533918 6:-0.9990215498395951 
predict label: 1.0; real label: -1.0 1:-1.0 2:1.5399366058227448 3:0.02294056308654846 4:0.760221106051727 5:-0.9998459198489343 6:-0.9993489233787777 
predict label: 1.0; real label: -1.0 1:-1.0 2:1.5399366058227448 3:0.02294056308654846 4:0.760221106051727 5:-0.9998319125561069 6:-0.9993497043271058 
predict label: 1.0; real label: -1.0 1:-1.0 2:1.5399410871020707 3:0.0269030239833159 4:0.7695193262181266 5:-0.9999960079915806 6:-0.9993374434383531 
predict label: 1.0; real label: -1.0 1:-1.0 2:1.5399421611276942 3:-1.0 4:0.9995920802963496 5:-0.9999943271164413 6:-0.9999293241762977 
predict label: 1.0; real label: -1.0 1:1.0 2:1.5399429018350208 3:0.04066736183524511 4:0.9995920802963496 5:-0.9999943271164413 6:-0.9999293241762977 
predict label: 1.0; real label: -1.0 1:1.0 2:1.539943383294783 3:-0.8865484880083421 4:0.48651565815247255 5:-0.9992754728485359 6:-0.9993584509483817 
predict label: 1.0; real label: -1.0 1:1.0 2:1.539943383294783 3:-0.8865484880083421 4:0.48651565815247255 5:-0.9983277394158296 6:-0.9985191657800625 
predict label: 1.0; real label: -1.0 1:1.0 2:1.539943383294783 3:-0.8865484880083421 4:0.48651565815247255 5:-0.9969165746999267 6:-0.9972694141704401 
predict label: 1.0; real label: -1.0 1:-1.0 2:1.5399456794874955 3:-0.978310740354536 4:0.7679046632899886 5:-0.9999259014909792 6:-0.9959788970580856 
predict label: 1.0; real label: -1.0 1:-1.0 2:1.5399456794874955 3:-0.978310740354536 4:0.7694525378976755 5:-0.9993158838883431 6:-0.990574656532092 
predict label: 1.0; real label: -1.0 1:-1.0 2:1.5399456794874955 3:-0.978310740354536 4:0.7677329157607029 5:-0.9954826481331792 6:-0.9997190147915128 
predict label: 1.0; real label: -1.0 1:-1.0 2:1.5399456794874955 3:-0.978310740354536 4:-0.22179025953423936 5:-0.9997801556091094 6:-0.988981521942559 
predict label: 1.0; real label: -1.0 1:-1.0 2:1.5399456794874955 3:-0.978310740354536 4:-0.22384929772596285 5:-0.9998985872699656 6:-0.9988596592511588 
predict label: 1.0; real label: -1.0 1:-1.0 2:1.5399456794874955 3:-0.978310740354536 4:-0.22346288725351127 5:-0.9999709349374195 6:-0.9997981248571597 
predict label: 1.0; real label: -1.0 1:-1.0 2:1.5399456794874955 3:-0.978310740354536 4:0.770268123977371 5:-0.9999635811086851 6:-0.9980441930068498 
predict label: 1.0; real label: -1.0 1:-1.0 2:1.5399456794874955 3:-0.978310740354536 4:-0.029819673359599896 5:-0.9999999510445116 6:-0.9999980476291795 
predict label: 1.0; real label: -1.0 1:-1.0 2:1.5399456794874955 3:-0.978310740354536 4:0.7688063378187384 5:-0.9998389162025206 6:-0.9998901205702219 
predict label: 1.0; real label: -1.0 1:-1.0 2:1.5399456794874955 3:-0.978310740354536 4:0.5062580366438596 5:-0.9999989495230744 6:-0.9999868019732534 
predict label: 1.0; real label: -1.0 1:-1.0 2:1.5399456794874955 3:-0.978310740354536 4:-0.22260627498275787 5:-0.9999975487937917 6:-0.9999919562322195 
predict label: 1.0; real label: -1.0 1:-1.0 2:1.5399456794874955 3:-0.978310740354536 4:-0.22243452745347225 5:-0.9999736663595208 6:-0.9998869186820762 
predict label: 1.0; real label: -1.0 1:-1.0 2:1.5399457165228618 3:-0.8469238790406673 4:0.4834478179106074 5:-0.9999830183285771 6:-0.9999889886285723 
predict label: 1.0; real label: -1.0 1:-1.0 2:1.5399457165228618 3:-0.8469238790406673 4:0.48357662855757155 5:-0.9999942836938336 6:-0.9999963295428574 
predict label: 1.0; real label: -1.0 1:-1.0 2:1.5399457165228618 3:-0.8469238790406673 4:0.4835122232340894 5:-0.9999990769894391 6:-0.9999994533361702 
predict label: 1.0; real label: -1.0 1:-1.0 2:1.5399457165228618 3:-0.8469238790406673 4:0.4835122232340894 5:-0.999999911123727 6:-1.0 
predict label: 1.0; real label: -1.0 1:-1.0 2:1.5399457165228618 3:-0.8469238790406673 4:0.4835122232340894 5:-0.9999971068637029 6:-0.9999982038188452 
predict label: 1.0; real label: -1.0 1:1.0 2:1.539947716432644 3:-0.8865484880083421 4:0.48651565815247255 5:-0.9883332558375773 6:-0.9896699278938694 
predict label: 1.0; real label: -1.0 1:1.0 2:1.5399477534680104 3:-0.8865484880083421 4:0.48651565815247255 5:-0.9997441568665428 6:-0.9997735249848213 
predict label: 1.0; real label: -1.0 1:1.0 2:1.5399477534680104 3:-0.8865484880083421 4:0.48651565815247255 5:-0.9993749246276109 6:-0.999446541919803 
predict label: 1.0; real label: -1.0 1:1.0 2:1.5399477534680104 3:-0.8865484880083421 4:0.48651565815247255 5:-0.9988044075907483 6:-0.9989412683514559 
predict label: 1.0; real label: -1.0 1:1.0 2:1.5399477534680104 3:-0.8865484880083421 4:0.48651565815247255 5:-0.9998468303229682 6:-0.9998644273702241 
predict label: 1.0; real label: -1.0 1:1.0 2:1.5399477534680104 3:-0.8865484880083421 4:0.48651565815247255 5:-0.9997938127196162 6:-0.9998174923756991 
predict label: 1.0; real label: -1.0 1:-1.0 2:1.5399480127155747 3:-0.978310740354536 4:-0.4829971695685147 5:-0.9999994747965555 6:-0.999987426731916 
predict label: 1.0; real label: -1.0 1:1.0 2:1.5399500126253565 3:-0.8865484880083421 4:0.48651565815247255 5:-0.9985123555352956 6:-0.9980074103405915 
predict label: 1.0; real label: -1.0 1:1.0 2:1.5399501237314555 3:-0.8865484880083421 4:0.48651565815247255 5:-0.9954407663276251 6:-0.9938929840734569 
predict label: 1.0; real label: -1.0 1:1.0 2:1.5399501237314555 3:-1.0 4:0.7618507775670806 5:-0.9989839110483322 6:-0.9972095935284999 
predict label: 1.0; real label: -1.0 1:1.0 2:1.5399501607668218 3:-0.8865484880083421 4:0.48651565815247255 5:-0.9989804792615895 6:-0.9990973799222637 
predict label: 1.0; real label: -1.0 1:1.0 2:1.5399502348375544 3:-0.8865484880083421 4:0.48651565815247255 5:-0.9994628203901033 6:-0.9992805123052271 
predict label: 1.0; real label: -1.0 1:-1.0 2:1.5399504570497524 3:-0.978310740354536 4:0.7679046632899886 5:-0.9999962881374372 6:-0.9997133138687169 
predict label: 1.0; real label: -1.0 1:-1.0 2:1.5399504570497524 3:-0.978310740354536 4:0.7694525378976755 5:-0.9998652499130363 6:-0.9976981548026234 
predict label: 1.0; real label: -1.0 1:-1.0 2:1.5399504570497524 3:-0.978310740354536 4:0.7677329157607029 5:-0.9996848359814186 6:-0.9999741506103365 
predict label: 1.0; real label: -1.0 1:-1.0 2:1.5399504570497524 3:-0.978310740354536 4:0.7677994679283011 5:-0.9999243606887681 6:-0.9999269032364803 
predict label: 1.0; real label: -1.0 1:-1.0 2:1.5399504570497524 3:-0.978310740354536 4:-0.22179025953423936 5:-0.9999997899606441 6:-0.9999989847671733 
predict label: 1.0; real label: -1.0 1:-1.0 2:1.5399504570497524 3:-0.978310740354536 4:-0.22384929772596285 5:-0.9999913855849476 6:-0.9997543136559475 
predict label: 1.0; real label: -1.0 1:-1.0 2:1.5399504570497524 3:-0.978310740354536 4:-0.22346288725351127 5:-0.9999296834600426 6:-0.9994528676012614 
predict label: 1.0; real label: -1.0 1:-1.0 2:1.5399504570497524 3:-0.978310740354536 4:0.770268123977371 5:-0.9999957978821882 6:-0.9997486127331516 
predict label: 1.0; real label: -1.0 1:-1.0 2:1.5399504570497524 3:-0.978310740354536 4:-0.029819673359599896 5:-0.9999999090226331 6:-0.99999390860304 
predict label: 1.0; real label: -1.0 1:-1.0 2:1.5399504570497524 3:-0.978310740354536 4:0.5062601834879756 5:-0.9999998599971082 6:-0.999998672387842 
predict label: 1.0; real label: -1.0 1:1.0 2:1.5399527532424648 3:-0.8865484880083421 4:0.48651565815247255 5:-0.9989925255334211 6:-0.9988124899721353 
predict label: 1.0; real label: -1.0 1:1.0 2:1.5399527532424648 3:-0.8865484880083421 4:0.48651565815247255 5:-0.999393834472928 6:-0.9992855103745276 
predict label: 1.0; real label: -1.0 1:1.0 2:1.5399527532424648 3:-0.8865484880083421 4:0.48651565815247255 5:-0.999383679185628 6:-0.9992735618651061 
predict label: 1.0; real label: -1.0 1:1.0 2:1.5399527902778312 3:-0.8865484880083421 4:0.48651565815247255 5:-0.99717935151337 6:-0.9967917080780787 
predict label: 1.0; real label: -1.0 1:-1.0 2:1.5399529384192965 3:-0.8469238790406673 4:0.4818398316676704 5:-0.9757571651584054 6:-0.9881210730745456 
predict label: 1.0; real label: -1.0 1:-1.0 2:1.5399529384192965 3:-0.8469238790406673 4:0.4818398316676704 5:-0.9918389744725786 6:-0.9960011540854394 
predict label: 1.0; real label: -1.0 1:-1.0 2:1.5399529384192965 3:-0.8469238790406673 4:0.4818398316676704 5:-0.9986826758117019 6:-0.9993546243015735 
predict label: 1.0; real label: -1.0 1:-1.0 2:1.5399529384192965 3:-0.8469238790406673 4:0.4818398316676704 5:-0.9998725463118701 6:-0.9999376022285766 
predict label: 1.0; real label: -1.0 1:-1.0 2:1.5399529384192965 3:-0.8469238790406673 4:0.4818398316676704 5:-0.9958700142134056 6:-0.9979764066919619 
predict label: 1.0; real label: -1.0 1:-1.0 2:1.5399538643034547 3:0.08237747653806049 4:0.7558415655233839 5:-0.9999999300335723 6:-0.9968865152051225 
predict label: 1.0; real label: -1.0 1:1.0 2:1.5399550864705436 3:-0.8865484880083421 4:0.48651565815247255 5:-0.9983984762446083 6:-0.9981122136062363 
predict label: 1.0; real label: -1.0 1:1.0 2:1.5399550864705436 3:-0.8865484880083421 4:0.48651565815247255 5:-0.9981380806709458 6:-0.9978053009132527 
predict label: 1.0; real label: -1.0 1:1.0 2:1.5399562716022661 3:-1.0 4:0.7558415655233839 5:-0.9999999300335723 6:-0.9968865152051225 
predict label: 1.0; real label: -1.0 1:-1.0 2:1.5399607528815924 3:0.019812304483837417 4:0.5081367399298331 5:-0.9998975367230035 6:-0.9986441956074078 
predict label: 1.0; real label: -1.0 1:-1.0 2:1.5399607528815924 3:0.019812304483837417 4:0.5081367399298331 5:-0.9999600792854781 6:-0.9996948053933384 
predict label: 1.0; real label: -1.0 1:-1.0 2:1.539962049119414 3:-0.9718456725755996 4:0.0960540908538634 5:-0.9996072411820714 6:-0.9981607104974176 
predict label: 1.0; real label: -1.0 1:-1.0 2:1.539962049119414 3:-0.9718456725755996 4:0.0960948896941296 5:-0.999780113587231 6:-0.9992890246420045 
predict label: 1.0; real label: -1.0 1:-1.0 2:1.539962049119414 3:-0.9718456725755996 4:0.9976792421889304 5:-0.9998745507554737 6:-0.9997552507939413 
predict label: 1.0; real label: -1.0 1:1.0 2:1.5399626046499089 3:-1.0 4:0.5081367399298331 5:-0.9998975367230035 6:-0.9986441956074078 
predict label: 1.0; real label: -1.0 1:1.0 2:1.5399626046499089 3:-1.0 4:0.5081367399298331 5:-0.9999600792854781 6:-0.9996948053933384 
predict label: 1.0; real label: -1.0 1:-1.0 2:1.53996430827676 3:-0.8886339937434828 4:0.05333403978817053 5:-0.9998865796582622 6:-0.9996509941921263 
predict label: 1.0; real label: -1.0 1:-1.0 2:1.53996430827676 3:-0.8886339937434828 4:0.05354657950250563 5:-0.9997093458723716 6:-0.9989585273095092 
predict label: 1.0; real label: -1.0 1:-1.0 2:1.53996430827676 3:-0.8886339937434828 4:0.05333403978817053 5:-0.9999117857116687 6:-0.9997069881872584 
predict label: 1.0; real label: -1.0 1:-1.0 2:1.53996430827676 3:-0.8886339937434828 4:0.05354657950250563 5:-0.9998284544356536 6:-0.9994286582030871 
predict label: 1.0; real label: -1.0 1:-1.0 2:1.53996430827676 3:-0.8886339937434828 4:0.05354657950250563 5:-0.9999621977484454 6:-0.9998551340851185 
predict label: 1.0; real label: -1.0 1:-1.0 2:1.5399643453121263 3:-1.0 4:-0.20246222195725394 5:-0.9999998249788761 6:-0.9998472465070036 
predict label: 1.0; real label: -1.0 1:-1.0 2:1.539966678540205 3:-0.9718456725755996 4:0.053310444253859446 5:-0.999994964448265 6:-0.9999716515756862 
predict label: 1.0; real label: -1.0 1:-1.0 2:1.539966678540205 3:-0.9718456725755996 4:0.05333403978817053 5:-0.9999958539113596 6:-0.9999594687817663 
predict label: 1.0; real label: -1.0 1:-1.0 2:1.539966678540205 3:-0.9718456725755996 4:0.05333403978817053 5:-0.9999935567153359 6:-0.9999547830917971 
predict label: 1.0; real label: -1.0 1:-1.0 2:1.539966678540205 3:-0.9718456725755996 4:0.05331257134700973 5:-0.9999971705968853 6:-0.9999887543440739 
predict label: 1.0; real label: -1.0 1:-1.0 2:1.5399691228743828 3:-0.9718456725755996 4:0.20249226682597388 5:-0.999998971934743 6:-0.9999423660133787 
predict label: 1.0; real label: -1.0 1:-1.0 2:1.5399764929122828 3:-0.9718456725755996 4:0.0960948896941296 5:-0.9999981560099357 6:-0.9999632173337417 
predict label: 1.0; real label: -1.0 1:-1.0 2:1.5399764929122828 3:-0.9718456725755996 4:0.09611849617734536 5:-0.9999997178230859 6:-0.9999903943355631 
predict label: 1.0; real label: -1.0 1:-1.0 2:1.5399764929122828 3:-0.9718456725755996 4:0.09611849617734536 5:-0.9999998312821579 6:-0.9999954704996964 
